[debug] [2024-03-16T17:55:42.549Z] ----------------------------------------------------------------------
[debug] [2024-03-16T17:55:42.551Z] Command:       C:\Program Files\nodejs\node.exe C:\Program Files\nodejs\node_modules\firebase-tools\lib\bin\firebase.js emulators:start --only functions
[debug] [2024-03-16T17:55:42.552Z] CLI Version:   13.5.1
[debug] [2024-03-16T17:55:42.552Z] Platform:      win32
[debug] [2024-03-16T17:55:42.552Z] Node Version:  v21.7.1
[debug] [2024-03-16T17:55:42.552Z] Time:          Sat Mar 16 2024 10:55:42 GMT-0700 (Pacific Daylight Time)
[debug] [2024-03-16T17:55:42.552Z] ----------------------------------------------------------------------
[debug] 
[debug] [2024-03-16T17:55:42.660Z] > command requires scopes: ["email","openid","https://www.googleapis.com/auth/cloudplatformprojects.readonly","https://www.googleapis.com/auth/firebase","https://www.googleapis.com/auth/cloud-platform"]
[debug] [2024-03-16T17:55:42.661Z] > authorizing via signed-in user (josephine.arader@gmail.com)
[info] i  emulators: Starting emulators: functions {"metadata":{"emulator":{"name":"hub"},"message":"Starting emulators: functions"}}
[debug] [2024-03-16T17:55:42.672Z] [logging] Logging Emulator only supports listening on one address (127.0.0.1). Not listening on ::1
[debug] [2024-03-16T17:55:42.672Z] assigned listening specs for emulators {"user":{"hub":[{"address":"127.0.0.1","family":"IPv4","port":4400},{"address":"::1","family":"IPv6","port":4400}],"ui":[{"address":"127.0.0.1","family":"IPv4","port":4000},{"address":"::1","family":"IPv6","port":4000}],"logging":[{"address":"127.0.0.1","family":"IPv4","port":4500}]},"metadata":{"message":"assigned listening specs for emulators"}}
[debug] [2024-03-16T17:55:42.678Z] [hub] writing locator at C:\Users\josep\AppData\Local\Temp\hub-send-emails-from-josephine.json
[debug] [2024-03-16T17:55:42.700Z] [functions] Functions Emulator only supports listening on one address (127.0.0.1). Not listening on ::1
[debug] [2024-03-16T17:55:42.701Z] [eventarc] Eventarc Emulator only supports listening on one address (127.0.0.1). Not listening on ::1
[debug] [2024-03-16T17:55:42.701Z] late-assigned ports for functions and eventarc emulators {"user":{"hub":[{"address":"127.0.0.1","family":"IPv4","port":4400},{"address":"::1","family":"IPv6","port":4400}],"ui":[{"address":"127.0.0.1","family":"IPv4","port":4000},{"address":"::1","family":"IPv6","port":4000}],"logging":[{"address":"127.0.0.1","family":"IPv4","port":4500}],"functions":[{"address":"127.0.0.1","family":"IPv4","port":5001}],"eventarc":[{"address":"127.0.0.1","family":"IPv4","port":9299}]},"metadata":{"message":"late-assigned ports for functions and eventarc emulators"}}
[warn] !  functions: The following emulators are not running, calls to these services from the Functions emulator will affect production: auth, firestore, database, hosting, pubsub, storage {"metadata":{"emulator":{"name":"functions"},"message":"The following emulators are not running, calls to these services from the Functions emulator will affect production: \u001b[1mauth, firestore, database, hosting, pubsub, storage\u001b[22m"}}
[debug] [2024-03-16T17:55:42.705Z] defaultcredentials: writing to file C:\Users\josep\AppData\Roaming\firebase\josephine_arader_gmail.com_application_default_credentials.json
[debug] [2024-03-16T17:55:42.711Z] Setting GAC to C:\Users\josep\AppData\Roaming\firebase\josephine_arader_gmail.com_application_default_credentials.json {"metadata":{"emulator":{"name":"functions"},"message":"Setting GAC to C:\\Users\\josep\\AppData\\Roaming\\firebase\\josephine_arader_gmail.com_application_default_credentials.json"}}
[debug] [2024-03-16T17:55:42.713Z] >>> [apiv2][query] GET https://firebase.googleapis.com/v1beta1/projects/send-emails-from-josephine/adminSdkConfig [none]
[debug] [2024-03-16T17:55:43.203Z] <<< [apiv2][status] GET https://firebase.googleapis.com/v1beta1/projects/send-emails-from-josephine/adminSdkConfig 200
[debug] [2024-03-16T17:55:43.203Z] <<< [apiv2][body] GET https://firebase.googleapis.com/v1beta1/projects/send-emails-from-josephine/adminSdkConfig {"projectId":"send-emails-from-josephine","storageBucket":"send-emails-from-josephine.appspot.com"}
[debug] [2024-03-16T17:55:43.236Z] Ignoring unsupported arg: auto_download {"metadata":{"emulator":{"name":"ui"},"message":"Ignoring unsupported arg: auto_download"}}
[debug] [2024-03-16T17:55:43.236Z] Ignoring unsupported arg: port {"metadata":{"emulator":{"name":"ui"},"message":"Ignoring unsupported arg: port"}}
[debug] [2024-03-16T17:55:43.236Z] Starting Emulator UI with command {"binary":"node","args":["C:\\Users\\josep\\.cache\\firebase\\emulators\\ui-v1.11.8\\server\\server.mjs"],"optionalArgs":[],"joinArgs":false} {"metadata":{"emulator":{"name":"ui"},"message":"Starting Emulator UI with command {\"binary\":\"node\",\"args\":[\"C:\\\\Users\\\\josep\\\\.cache\\\\firebase\\\\emulators\\\\ui-v1.11.8\\\\server\\\\server.mjs\"],\"optionalArgs\":[],\"joinArgs\":false}"}}
[info] i  ui: Emulator UI logging to ui-debug.log {"metadata":{"emulator":{"name":"ui"},"message":"Emulator UI logging to \u001b[1mui-debug.log\u001b[22m"}}
[debug] [2024-03-16T17:55:43.397Z] Web / API server started at 127.0.0.1:4000
 {"metadata":{"emulator":{"name":"ui"},"message":"Web / API server started at 127.0.0.1:4000\n"}}
[debug] [2024-03-16T17:55:43.398Z] Web / API server started at ::1:4000
 {"metadata":{"emulator":{"name":"ui"},"message":"Web / API server started at ::1:4000\n"}}
[info] i  functions: Watching "C:\Users\josep\email-sender\functions" for Cloud Functions... {"metadata":{"emulator":{"name":"functions"},"message":"Watching \"C:\\Users\\josep\\email-sender\\functions\" for Cloud Functions..."}}
[debug] [2024-03-16T17:55:43.520Z] Validating nodejs source
[debug] [2024-03-16T17:55:44.745Z] > [functions] package.json contents: {
  "name": "functions",
  "scripts": {
    "lint": "eslint --ext .js,.ts .",
    "build": "tsc",
    "build:watch": "tsc --watch",
    "serve": "npm run build && firebase emulators:start --only functions",
    "shell": "npm run build && firebase functions:shell",
    "start": "npm run shell",
    "deploy": "firebase deploy --only functions",
    "logs": "firebase functions:log"
  },
  "engines": {
    "node": "18"
  },
  "main": "lib/index.js",
  "dependencies": {
    "cors": "^2.8.5",
    "firebase-admin": "^11.8.0",
    "firebase-functions": "^4.3.1",
    "nodemailer": "^6.9.12"
  },
  "devDependencies": {
    "@types/nodemailer": "^6.4.14",
    "@typescript-eslint/eslint-plugin": "^5.12.0",
    "@typescript-eslint/parser": "^5.12.0",
    "eslint": "^8.9.0",
    "eslint-config-google": "^0.14.0",
    "eslint-plugin-import": "^2.25.4",
    "firebase-functions-test": "^3.1.0",
    "typescript": "^4.9.0"
  },
  "private": true
}
[debug] [2024-03-16T17:55:44.746Z] Building nodejs source
[debug] [2024-03-16T17:55:44.746Z] Failed to find version of module node: reached end of search path C:\Users\josep\email-sender\functions\node_modules
[warn] !  functions: Your requested "node" version "18" doesn't match your global version "21". Using node@21 from host. 
[debug] [2024-03-16T17:55:44.749Z] Could not find functions.yaml. Must use http discovery
[debug] [2024-03-16T17:55:44.756Z] Found firebase-functions binary at 'C:\Users\josep\email-sender\functions\node_modules\.bin\firebase-functions'
[info] Serving at port 8669

[error] {"severity":"WARNING","message":"params.GMAIL_PASSWORD.value() invoked during function deployment, instead of during runtime."}

[info] process.env.GMAIL_PASSWORD 

[error] {"severity":"WARNING","message":"This is usually a mistake. In configs, use Params directly without calling .value()."}
{"severity":"WARNING","message":"example: { memory: memoryParam } not { memory: memoryParam.value() }"}
{"severity":"WARNING","message":"params.GMAIL_PASSWORD.value() invoked during function deployment, instead of during runtime."}
{"severity":"WARNING","message":"This is usually a mistake. In configs, use Params directly without calling .value()."}
{"severity":"WARNING","message":"example: { memory: memoryParam } not { memory: memoryParam.value() }"}

[debug] [2024-03-16T17:55:45.257Z] Got response from /__/functions.yaml {"endpoints":{"sendMail":{"platform":"gcfv1","availableMemoryMb":null,"timeoutSeconds":null,"minInstances":null,"maxInstances":null,"ingressSettings":null,"serviceAccountEmail":null,"vpc":null,"httpsTrigger":{},"entryPoint":"sendMail"}},"specVersion":"v1alpha1","requiredAPIs":[],"params":[{"name":"GMAIL_PASSWORD","type":"string"}]}
[info] i  functions: Created new local file .env.local to store param values. We suggest explicitly adding or excluding this file from version control. 
[info] i  functions: Loaded environment variables from .env.local. 
[info] i  functions: Writing new parameter values to disk: .env.local 
[info] +  functions: Loaded functions definitions from source: sendMail. {"metadata":{"emulator":{"name":"functions"},"message":"Loaded functions definitions from source: sendMail."}}
[info] +  functions[us-central1-sendMail]: http function initialized (http://127.0.0.1:5001/send-emails-from-josephine/us-central1/sendMail). {"metadata":{"emulator":{"name":"functions"},"message":"\u001b[1mhttp\u001b[22m function initialized (http://127.0.0.1:5001/send-emails-from-josephine/us-central1/sendMail)."}}
[info] 
┌─────────────────────────────────────────────────────────────┐
│ ✔  All emulators ready! It is now safe to connect your app. │
│ i  View Emulator UI at http://127.0.0.1:4000/               │
└─────────────────────────────────────────────────────────────┘

┌───────────┬────────────────┬─────────────────────────────────┐
│ Emulator  │ Host:Port      │ View in Emulator UI             │
├───────────┼────────────────┼─────────────────────────────────┤
│ Functions │ 127.0.0.1:5001 │ http://127.0.0.1:4000/functions │
└───────────┴────────────────┴─────────────────────────────────┘
  Emulator Hub running at 127.0.0.1:4400
  Other reserved ports: 4500

Issues? Report them at https://github.com/firebase/firebase-tools/issues and attach the *-debug.log files.
 
[debug] [2024-03-16T17:56:16.230Z] [work-queue] {"queuedWork":["/send-emails-from-josephine/us-central1/sendMail-2024-03-16T17:56:16.230Z"],"queueLength":1,"runningWork":[],"workRunningCount":0}
[debug] [2024-03-16T17:56:16.231Z] [work-queue] {"queuedWork":[],"queueLength":0,"runningWork":["/send-emails-from-josephine/us-central1/sendMail-2024-03-16T17:56:16.230Z"],"workRunningCount":1}
[debug] [2024-03-16T17:56:16.232Z] Accepted request GET /send-emails-from-josephine/us-central1/sendMail --> us-central1-sendMail
[debug] [2024-03-16T17:56:16.237Z] [functions] Runtime ready! Sending request! {"metadata":{"emulator":{"name":"functions"},"message":"[functions] Runtime ready! Sending request!"}}
[debug] [2024-03-16T17:56:16.239Z] [functions] Got req.url=/send-emails-from-josephine/us-central1/sendMail, mapping to path=/ {"metadata":{"emulator":{"name":"functions"},"message":"[functions] Got req.url=/send-emails-from-josephine/us-central1/sendMail, mapping to path=/"}}
[info] i  functions: Loaded environment variables from .env.local. 
[debug] [2024-03-16T17:56:16.256Z] [worker-pool] addWorker(us-central1-sendMail) {"metadata":{"emulator":{"name":"functions"},"message":"[worker-pool] addWorker(us-central1-sendMail)"}}
[debug] [2024-03-16T17:56:16.257Z] [worker-pool] Adding worker with key us-central1-sendMail, total=1 {"metadata":{"emulator":{"name":"functions"},"message":"[worker-pool] Adding worker with key us-central1-sendMail, total=1"}}
[info] >  (node:23700) [DEP0040] DeprecationWarning: The `punycode` module is deprecated. Please use a userland alternative instead. {"user":"(node:23700) [DEP0040] DeprecationWarning: The `punycode` module is deprecated. Please use a userland alternative instead.","metadata":{"emulator":{"name":"functions"},"function":{"name":"us-central1-sendMail"},"extension":{},"message":"\u001b[90m> \u001b[39m (node:23700) [DEP0040] DeprecationWarning: The `punycode` module is deprecated. Please use a userland alternative instead."}}
[info] >  (Use `node --trace-deprecation ...` to show where the warning was created) {"user":"(Use `node --trace-deprecation ...` to show where the warning was created)","metadata":{"emulator":{"name":"functions"},"function":{"name":"us-central1-sendMail"},"extension":{},"message":"\u001b[90m> \u001b[39m (Use `node --trace-deprecation ...` to show where the warning was created)"}}
[debug] [2024-03-16T17:56:17.496Z] [runtime-status] [23700] Resolved module firebase-admin {"declared":true,"installed":true,"version":"11.11.1","resolution":"C:\\Users\\josep\\email-sender\\functions\\node_modules\\firebase-admin\\lib\\index.js"} {"metadata":{"emulator":{"name":"functions"},"function":{"name":"us-central1-sendMail"},"extension":{},"message":"[runtime-status] [23700] Resolved module firebase-admin {\"declared\":true,\"installed\":true,\"version\":\"11.11.1\",\"resolution\":\"C:\\\\Users\\\\josep\\\\email-sender\\\\functions\\\\node_modules\\\\firebase-admin\\\\lib\\\\index.js\"}"}}
[debug] [2024-03-16T17:56:17.498Z] [runtime-status] [23700] Resolved module firebase-functions {"declared":true,"installed":true,"version":"4.8.0","resolution":"C:\\Users\\josep\\email-sender\\functions\\node_modules\\firebase-functions\\lib\\v1\\index.js"} {"metadata":{"emulator":{"name":"functions"},"function":{"name":"us-central1-sendMail"},"extension":{},"message":"[runtime-status] [23700] Resolved module firebase-functions {\"declared\":true,\"installed\":true,\"version\":\"4.8.0\",\"resolution\":\"C:\\\\Users\\\\josep\\\\email-sender\\\\functions\\\\node_modules\\\\firebase-functions\\\\lib\\\\v1\\\\index.js\"}"}}
[debug] [2024-03-16T17:56:17.499Z] [runtime-status] [23700] Outgoing network have been stubbed. [{"name":"http","status":"mocked"},{"name":"http","status":"mocked"},{"name":"https","status":"mocked"},{"name":"https","status":"mocked"},{"name":"net","status":"mocked"}] {"metadata":{"emulator":{"name":"functions"},"function":{"name":"us-central1-sendMail"},"extension":{},"message":"[runtime-status] [23700] Outgoing network have been stubbed. [{\"name\":\"http\",\"status\":\"mocked\"},{\"name\":\"http\",\"status\":\"mocked\"},{\"name\":\"https\",\"status\":\"mocked\"},{\"name\":\"https\",\"status\":\"mocked\"},{\"name\":\"net\",\"status\":\"mocked\"}]"}}
[debug] [2024-03-16T17:56:17.499Z] [runtime-status] [23700] Resolved module firebase-functions {"declared":true,"installed":true,"version":"4.8.0","resolution":"C:\\Users\\josep\\email-sender\\functions\\node_modules\\firebase-functions\\lib\\v1\\index.js"} {"metadata":{"emulator":{"name":"functions"},"function":{"name":"us-central1-sendMail"},"extension":{},"message":"[runtime-status] [23700] Resolved module firebase-functions {\"declared\":true,\"installed\":true,\"version\":\"4.8.0\",\"resolution\":\"C:\\\\Users\\\\josep\\\\email-sender\\\\functions\\\\node_modules\\\\firebase-functions\\\\lib\\\\v1\\\\index.js\"}"}}
[debug] [2024-03-16T17:56:17.759Z] [runtime-status] [23700] Checked functions.config() {"config":{}} {"metadata":{"emulator":{"name":"functions"},"function":{"name":"us-central1-sendMail"},"extension":{},"message":"[runtime-status] [23700] Checked functions.config() {\"config\":{}}"}}
[debug] [2024-03-16T17:56:17.760Z] [runtime-status] [23700] firebase-functions has been stubbed. {"functionsResolution":{"declared":true,"installed":true,"version":"4.8.0","resolution":"C:\\Users\\josep\\email-sender\\functions\\node_modules\\firebase-functions\\lib\\v1\\index.js"}} {"metadata":{"emulator":{"name":"functions"},"function":{"name":"us-central1-sendMail"},"extension":{},"message":"[runtime-status] [23700] firebase-functions has been stubbed. {\"functionsResolution\":{\"declared\":true,\"installed\":true,\"version\":\"4.8.0\",\"resolution\":\"C:\\\\Users\\\\josep\\\\email-sender\\\\functions\\\\node_modules\\\\firebase-functions\\\\lib\\\\v1\\\\index.js\"}}"}}
[debug] [2024-03-16T17:56:17.761Z] [runtime-status] [23700] Resolved module firebase-functions {"declared":true,"installed":true,"version":"4.8.0","resolution":"C:\\Users\\josep\\email-sender\\functions\\node_modules\\firebase-functions\\lib\\v1\\index.js"} {"metadata":{"emulator":{"name":"functions"},"function":{"name":"us-central1-sendMail"},"extension":{},"message":"[runtime-status] [23700] Resolved module firebase-functions {\"declared\":true,\"installed\":true,\"version\":\"4.8.0\",\"resolution\":\"C:\\\\Users\\\\josep\\\\email-sender\\\\functions\\\\node_modules\\\\firebase-functions\\\\lib\\\\v1\\\\index.js\"}"}}
[debug] [2024-03-16T17:56:17.762Z] [runtime-status] [23700] Resolved module firebase-admin {"declared":true,"installed":true,"version":"11.11.1","resolution":"C:\\Users\\josep\\email-sender\\functions\\node_modules\\firebase-admin\\lib\\index.js"} {"metadata":{"emulator":{"name":"functions"},"function":{"name":"us-central1-sendMail"},"extension":{},"message":"[runtime-status] [23700] Resolved module firebase-admin {\"declared\":true,\"installed\":true,\"version\":\"11.11.1\",\"resolution\":\"C:\\\\Users\\\\josep\\\\email-sender\\\\functions\\\\node_modules\\\\firebase-admin\\\\lib\\\\index.js\"}"}}
[debug] [2024-03-16T17:56:17.764Z] [runtime-status] [23700] Resolved module firebase-functions {"declared":true,"installed":true,"version":"4.8.0","resolution":"C:\\Users\\josep\\email-sender\\functions\\node_modules\\firebase-functions\\lib\\v1\\index.js"} {"metadata":{"emulator":{"name":"functions"},"function":{"name":"us-central1-sendMail"},"extension":{},"message":"[runtime-status] [23700] Resolved module firebase-functions {\"declared\":true,\"installed\":true,\"version\":\"4.8.0\",\"resolution\":\"C:\\\\Users\\\\josep\\\\email-sender\\\\functions\\\\node_modules\\\\firebase-functions\\\\lib\\\\v1\\\\index.js\"}"}}
[debug] [2024-03-16T17:56:17.765Z] [runtime-status] [23700] firebase-admin has been stubbed. {"adminResolution":{"declared":true,"installed":true,"version":"11.11.1","resolution":"C:\\Users\\josep\\email-sender\\functions\\node_modules\\firebase-admin\\lib\\index.js"}} {"metadata":{"emulator":{"name":"functions"},"function":{"name":"us-central1-sendMail"},"extension":{},"message":"[runtime-status] [23700] firebase-admin has been stubbed. {\"adminResolution\":{\"declared\":true,\"installed\":true,\"version\":\"11.11.1\",\"resolution\":\"C:\\\\Users\\\\josep\\\\email-sender\\\\functions\\\\node_modules\\\\firebase-admin\\\\lib\\\\index.js\"}}"}}
[debug] [2024-03-16T17:56:17.806Z] [runtime-status] [23700] initializeApp(DEFAULT) {"storageBucket":"send-emails-from-josephine.appspot.com","projectId":"send-emails-from-josephine"} {"metadata":{"emulator":{"name":"functions"},"function":{"name":"us-central1-sendMail"},"extension":{},"message":"[runtime-status] [23700] initializeApp(DEFAULT) {\"storageBucket\":\"send-emails-from-josephine.appspot.com\",\"projectId\":\"send-emails-from-josephine\"}"}}
[info] >  process.env.GMAIL_PASSWORD buthvrnbxehlvtdw {"user":"process.env.GMAIL_PASSWORD buthvrnbxehlvtdw","metadata":{"emulator":{"name":"functions"},"function":{"name":"us-central1-sendMail"},"extension":{},"message":"\u001b[90m> \u001b[39m process.env.GMAIL_PASSWORD buthvrnbxehlvtdw"}}
[debug] [2024-03-16T17:56:17.816Z] [runtime-status] [23700] Functions runtime initialized. {"cwd":"C:\\Users\\josep\\email-sender\\functions","node_version":"21.7.1"} {"metadata":{"emulator":{"name":"functions"},"function":{"name":"us-central1-sendMail"},"extension":{},"message":"[runtime-status] [23700] Functions runtime initialized. {\"cwd\":\"C:\\\\Users\\\\josep\\\\email-sender\\\\functions\",\"node_version\":\"21.7.1\"}"}}
[debug] [2024-03-16T17:56:17.817Z] [runtime-status] [23700] Listening to port: \\?\pipe\fire_emu_a0077101bb79f57e {"metadata":{"emulator":{"name":"functions"},"function":{"name":"us-central1-sendMail"},"extension":{},"message":"[runtime-status] [23700] Listening to port: \\\\?\\pipe\\fire_emu_a0077101bb79f57e"}}
[debug] [2024-03-16T17:56:17.904Z] [worker-us-central1-sendMail-5115ded5-3ae9-4ff8-9464-4ce2240091f2]: IDLE {"metadata":{"emulator":{"name":"functions"},"function":{"name":"us-central1-sendMail"},"extension":{},"message":"[worker-us-central1-sendMail-5115ded5-3ae9-4ff8-9464-4ce2240091f2]: IDLE"}}
[debug] [2024-03-16T17:56:17.905Z] [worker-pool] submitRequest(triggerId=us-central1-sendMail) {"metadata":{"emulator":{"name":"functions"},"message":"[worker-pool] submitRequest(triggerId=us-central1-sendMail)"}}
[info] i  functions: Beginning execution of "us-central1-sendMail" {"metadata":{"emulator":{"name":"functions"},"function":{"name":"us-central1-sendMail"},"extension":{},"message":"Beginning execution of \"us-central1-sendMail\""}}
[debug] [2024-03-16T17:56:17.916Z] [worker-us-central1-sendMail-5115ded5-3ae9-4ff8-9464-4ce2240091f2]: BUSY {"metadata":{"emulator":{"name":"functions"},"function":{"name":"us-central1-sendMail"},"extension":{},"message":"[worker-us-central1-sendMail-5115ded5-3ae9-4ff8-9464-4ce2240091f2]: BUSY"}}
[info] >  buthvrnbxehlvtdw {"user":"buthvrnbxehlvtdw","metadata":{"emulator":{"name":"functions"},"function":{"name":"us-central1-sendMail"},"extension":{},"message":"\u001b[90m> \u001b[39m buthvrnbxehlvtdw"}}
[debug] [2024-03-16T17:56:18.455Z] Finishing up request with event=pause {"metadata":{"emulator":{"name":"functions"},"function":{"name":"us-central1-sendMail"},"extension":{},"message":"Finishing up request with event=pause"}}
[info] i  functions: Finished "us-central1-sendMail" in 538.9134ms {"metadata":{"emulator":{"name":"functions"},"function":{"name":"us-central1-sendMail"},"extension":{},"message":"Finished \"us-central1-sendMail\" in 538.9134ms"}}
[debug] [2024-03-16T17:56:18.463Z] [worker-us-central1-sendMail-5115ded5-3ae9-4ff8-9464-4ce2240091f2]: IDLE {"metadata":{"emulator":{"name":"functions"},"function":{"name":"us-central1-sendMail"},"extension":{},"message":"[worker-us-central1-sendMail-5115ded5-3ae9-4ff8-9464-4ce2240091f2]: IDLE"}}
[debug] [2024-03-16T17:56:18.467Z] Finishing up request with event=finish {"metadata":{"emulator":{"name":"functions"},"function":{"name":"us-central1-sendMail"},"extension":{},"message":"Finishing up request with event=finish"}}
[debug] [2024-03-16T17:56:18.468Z] Finishing up request with event=close {"metadata":{"emulator":{"name":"functions"},"function":{"name":"us-central1-sendMail"},"extension":{},"message":"Finishing up request with event=close"}}
[debug] [2024-03-16T17:56:18.468Z] [work-queue] {"queuedWork":[],"queueLength":0,"runningWork":[],"workRunningCount":0}
[debug] [2024-03-16T17:56:20.936Z] [work-queue] {"queuedWork":["/send-emails-from-josephine/us-central1/sendMail-2024-03-16T17:56:20.936Z"],"queueLength":1,"runningWork":[],"workRunningCount":0}
[debug] [2024-03-16T17:56:20.937Z] [work-queue] {"queuedWork":[],"queueLength":0,"runningWork":["/send-emails-from-josephine/us-central1/sendMail-2024-03-16T17:56:20.936Z"],"workRunningCount":1}
[debug] [2024-03-16T17:56:20.938Z] Accepted request GET /send-emails-from-josephine/us-central1/sendMail?dest=tdelille@gmail.com --> us-central1-sendMail
[debug] [2024-03-16T17:56:20.939Z] [functions] Runtime ready! Sending request! {"metadata":{"emulator":{"name":"functions"},"message":"[functions] Runtime ready! Sending request!"}}
[debug] [2024-03-16T17:56:20.940Z] [functions] Got req.url=/send-emails-from-josephine/us-central1/sendMail?dest=tdelille@gmail.com, mapping to path=/?dest=tdelille@gmail.com {"metadata":{"emulator":{"name":"functions"},"message":"[functions] Got req.url=/send-emails-from-josephine/us-central1/sendMail?dest=tdelille@gmail.com, mapping to path=/?dest=tdelille@gmail.com"}}
[debug] [2024-03-16T17:56:20.940Z] [worker-pool] submitRequest(triggerId=us-central1-sendMail) {"metadata":{"emulator":{"name":"functions"},"message":"[worker-pool] submitRequest(triggerId=us-central1-sendMail)"}}
[info] i  functions: Beginning execution of "us-central1-sendMail" {"metadata":{"emulator":{"name":"functions"},"function":{"name":"us-central1-sendMail"},"extension":{},"message":"Beginning execution of \"us-central1-sendMail\""}}
[debug] [2024-03-16T17:56:20.942Z] [worker-us-central1-sendMail-5115ded5-3ae9-4ff8-9464-4ce2240091f2]: BUSY {"metadata":{"emulator":{"name":"functions"},"function":{"name":"us-central1-sendMail"},"extension":{},"message":"[worker-us-central1-sendMail-5115ded5-3ae9-4ff8-9464-4ce2240091f2]: BUSY"}}
[info] >  buthvrnbxehlvtdw {"user":"buthvrnbxehlvtdw","metadata":{"emulator":{"name":"functions"},"function":{"name":"us-central1-sendMail"},"extension":{},"message":"\u001b[90m> \u001b[39m buthvrnbxehlvtdw"}}
[debug] [2024-03-16T17:56:22.020Z] Finishing up request with event=pause {"metadata":{"emulator":{"name":"functions"},"function":{"name":"us-central1-sendMail"},"extension":{},"message":"Finishing up request with event=pause"}}
[info] i  functions: Finished "us-central1-sendMail" in 1078.8385ms {"metadata":{"emulator":{"name":"functions"},"function":{"name":"us-central1-sendMail"},"extension":{},"message":"Finished \"us-central1-sendMail\" in 1078.8385ms"}}
[debug] [2024-03-16T17:56:22.031Z] [worker-us-central1-sendMail-5115ded5-3ae9-4ff8-9464-4ce2240091f2]: IDLE {"metadata":{"emulator":{"name":"functions"},"function":{"name":"us-central1-sendMail"},"extension":{},"message":"[worker-us-central1-sendMail-5115ded5-3ae9-4ff8-9464-4ce2240091f2]: IDLE"}}
[debug] [2024-03-16T17:56:22.031Z] Finishing up request with event=finish {"metadata":{"emulator":{"name":"functions"},"function":{"name":"us-central1-sendMail"},"extension":{},"message":"Finishing up request with event=finish"}}
[debug] [2024-03-16T17:56:22.032Z] Finishing up request with event=close {"metadata":{"emulator":{"name":"functions"},"function":{"name":"us-central1-sendMail"},"extension":{},"message":"Finishing up request with event=close"}}
[debug] [2024-03-16T17:56:22.032Z] [work-queue] {"queuedWork":[],"queueLength":0,"runningWork":[],"workRunningCount":0}
